<?xml version="1.0" encoding="UTF-8"?>
<testsuite xmlns:xsi="http://www.w3.org/2001/XMLSchema-instance" xsi:noNamespaceSchemaLocation="https://maven.apache.org/surefire/maven-surefire-plugin/xsd/surefire-test-report-3.0.xsd" version="3.0" name="Account Registration" time="6.521" tests="1" errors="0" skipped="0" failures="0">
  <properties>
[...]
</properties>
  <testcase name="Successful Account Registration with Valid user details" classname="Account Registration" time="6.521">
    <system-out><![CDATA[
@regression
Scenario: Successful Account Registration with Valid user details # Features/AccountRegistration.feature:3
  Given User Launch browser                                       # stepDefinations.steps.user_launch_browser()
  And opens URL "https://demo.opencart.com/"                      # stepDefinations.steps.opens_url(java.lang.String)
  When User navigate to MyAccount menu                            # stepDefinations.steps.user_navigate_to_my_account()
  And click on Register                                           # stepDefinations.steps.click_on_register()
  Then user navigates to Register Account page                    # stepDefinations.steps.user_navigates_to_register_account_page()
  When user provide valid details                                 # stepDefinations.steps.user_provide_valid_details()
  And Click on continue                                           # stepDefinations.steps.click_on_continue()
  Then User should see "Your Account Has Been Created!" message   # stepDefinations.steps.user_should_see_message(java.lang.String)
]]></system-out>
    <system-err><![CDATA[Starting MSEdgeDriver 98.0.1108.62 (86b4ba0c0a320a2c0c88adba983ad3b5ce15710f) on port 28528
Only local connections are allowed.
Please see https://chromedriver.chromium.org/security-considerations for suggestions on keeping MSEdgeDriver safe.
MSEdgeDriver was started successfully.
Feb 25, 2022 11:31:12 PM org.openqa.selenium.remote.ProtocolHandshake createSession
INFO: Detected dialect: W3C
Feb 25, 2022 11:31:12 PM org.openqa.selenium.devtools.CdpVersionFinder findNearestMatch
WARNING: Unable to find an exact match for CDP version 98, so returning the closest version found: a no-op implementation
Feb 25, 2022 11:31:12 PM org.openqa.selenium.devtools.CdpVersionFinder findNearestMatch
INFO: Unable to find CDP implementation matching 98.
Feb 25, 2022 11:31:12 PM org.openqa.selenium.chromium.ChromiumDriver lambda$new$2
WARNING: Unable to find version of CDP to use for . You may need to include a dependency on a specific version of the CDP using something similar to `org.seleniumhq.selenium:selenium-devtools-v86:4.0.0-beta-3` where the version ("v86") matches the version of the chromium-based browser you're using and the version number of the artifact is the same as Selenium's.
]]></system-err>
  </testcase>
</testsuite>